
/home/runner/work/exp-broken-authentication-au/exp-broken-authentication-au/experiment/simulation/js/index-BNpdgnCG.js
    9:1588   warning  Do not access Object.prototype method 'hasOwnProperty' from target object  no-prototype-builtins
    9:4646   warning  Do not access Object.prototype method 'hasOwnProperty' from target object  no-prototype-builtins
   17:376    warning  Do not access Object.prototype method 'hasOwnProperty' from target object  no-prototype-builtins
   25:915    warning  'setImmediate' is not defined                                              no-undef
   33:596    warning  Unexpected combined character in character class                           no-misleading-character-class
   33:3023   warning  Unnecessary escape character: \-                                           no-useless-escape
   33:4912   warning  Do not access Object.prototype method 'hasOwnProperty' from target object  no-prototype-builtins
   37:202    warning  Expected a conditional expression and instead saw an assignment            no-cond-assign
   37:1216   warning  Empty block statement                                                      no-empty
   37:2389   warning  Do not access Object.prototype method 'hasOwnProperty' from target object  no-prototype-builtins
   37:3869   warning  Do not access Object.prototype method 'hasOwnProperty' from target object  no-prototype-builtins
   37:3910   warning  Do not access Object.prototype method 'hasOwnProperty' from target object  no-prototype-builtins
   37:4077   warning  Do not access Object.prototype method 'hasOwnProperty' from target object  no-prototype-builtins
   37:4104   warning  Do not access Object.prototype method 'hasOwnProperty' from target object  no-prototype-builtins
   37:4695   warning  Do not access Object.prototype method 'hasOwnProperty' from target object  no-prototype-builtins
   37:6032   warning  'MSApp' is not defined                                                     no-undef
   37:6080   warning  'MSApp' is not defined                                                     no-undef
   37:7460   warning  Do not access Object.prototype method 'hasOwnProperty' from target object  no-prototype-builtins
   37:7553   warning  Do not access Object.prototype method 'hasOwnProperty' from target object  no-prototype-builtins
   37:8636   warning  Expected a conditional expression and instead saw an assignment            no-cond-assign
   37:9657   warning  Expected to return a value in method 'get'                                 getter-return
   37:9790   warning  'r' is defined but never used                                              no-unused-vars
   37:9792   warning  'o' is defined but never used                                              no-unused-vars
   37:9794   warning  'i' is defined but never used                                              no-unused-vars
   37:9796   warning  'l' is defined but never used                                              no-unused-vars
   37:9798   warning  's' is defined but never used                                              no-unused-vars
   37:9800   warning  'a' is defined but never used                                              no-unused-vars
   37:9973   warning  'e' is defined but never used                                              no-unused-vars
   37:9975   warning  't' is defined but never used                                              no-unused-vars
   37:9977   warning  'n' is defined but never used                                              no-unused-vars
   37:9979   warning  'r' is defined but never used                                              no-unused-vars
   37:9981   warning  'o' is defined but never used                                              no-unused-vars
   37:9983   warning  'i' is defined but never used                                              no-unused-vars
   37:9985   warning  'l' is defined but never used                                              no-unused-vars
   37:9987   warning  's' is defined but never used                                              no-unused-vars
   37:9989   warning  'a' is defined but never used                                              no-unused-vars
   37:10041  warning  'e' is defined but never used                                              no-unused-vars
   37:10043  warning  't' is defined but never used                                              no-unused-vars
   37:10045  warning  'n' is defined but never used                                              no-unused-vars
   37:10047  warning  'r' is defined but never used                                              no-unused-vars
   37:10049  warning  'o' is defined but never used                                              no-unused-vars
   37:10051  warning  'i' is defined but never used                                              no-unused-vars
   37:10053  warning  'l' is defined but never used                                              no-unused-vars
   37:10055  warning  's' is defined but never used                                              no-unused-vars
   37:10057  warning  'a' is defined but never used                                              no-unused-vars
   37:11890  warning  Empty block statement                                                      no-empty
   37:19777  warning  Do not access Object.prototype method 'hasOwnProperty' from target object  no-prototype-builtins
   37:20120  warning  Invalid typeof comparison value                                            valid-typeof
   37:20294  warning  Invalid typeof comparison value                                            valid-typeof
   37:22166  warning  Expected a conditional expression and instead saw an assignment            no-cond-assign
   37:27711  warning  Expected a conditional expression and instead saw an assignment            no-cond-assign
   37:29177  warning  Do not access Object.prototype method 'hasOwnProperty' from target object  no-prototype-builtins
   37:33278  warning  Expected a 'break' statement before 'case'                                 no-fallthrough
   37:33465  warning  Expected a 'break' statement before 'case'                                 no-fallthrough
   37:34582  warning  Expected a conditional expression and instead saw an assignment            no-cond-assign
   37:36027  warning  Expected a 'break' statement before 'case'                                 no-fallthrough
   37:37457  warning  Unexpected control character(s) in regular expression: \x00                no-control-regex
   38:1506   warning  Expected a conditional expression and instead saw an assignment            no-cond-assign
   38:1606   warning  Expected a conditional expression and instead saw an assignment            no-cond-assign
   38:14667  warning  Expected a 'break' statement before 'case'                                 no-fallthrough
   38:15124  warning  Unexpected constant condition                                              no-constant-condition
   38:15718  warning  Expected a conditional expression and instead saw an assignment            no-cond-assign
   38:22290  warning  Empty block statement                                                      no-empty
   38:22299  warning  Empty block statement                                                      no-empty
   38:25675  warning  Expected a conditional expression and instead saw an assignment            no-cond-assign
   38:26538  warning  Expected a conditional expression and instead saw an assignment            no-cond-assign
   40:3968   warning  Expected a conditional expression and instead saw an assignment            no-cond-assign
   40:5090   warning  Expected a conditional expression and instead saw an assignment            no-cond-assign
   40:12874  warning  Do not access Object.prototype method 'hasOwnProperty' from target object  no-prototype-builtins
   40:12895  warning  Do not access Object.prototype method 'hasOwnProperty' from target object  no-prototype-builtins
   40:12965  warning  Do not access Object.prototype method 'hasOwnProperty' from target object  no-prototype-builtins
   40:13147  warning  Do not access Object.prototype method 'hasOwnProperty' from target object  no-prototype-builtins
   40:13249  warning  Do not access Object.prototype method 'hasOwnProperty' from target object  no-prototype-builtins
   40:13329  warning  Do not access Object.prototype method 'hasOwnProperty' from target object  no-prototype-builtins
   40:13353  warning  Do not access Object.prototype method 'hasOwnProperty' from target object  no-prototype-builtins
   40:13405  warning  Do not access Object.prototype method 'hasOwnProperty' from target object  no-prototype-builtins
   40:13760  warning  Do not access Object.prototype method 'hasOwnProperty' from target object  no-prototype-builtins
   40:15957  warning  Do not access Object.prototype method 'hasOwnProperty' from target object  no-prototype-builtins
   40:16236  warning  Do not access Object.prototype method 'hasOwnProperty' from target object  no-prototype-builtins
   40:16683  warning  Unnecessary escape character: \/                                           no-useless-escape
   40:17565  warning  Do not access Object.prototype method 'hasOwnProperty' from target object  no-prototype-builtins
   40:17874  warning  Do not access Object.prototype method 'hasOwnProperty' from target object  no-prototype-builtins
   40:25897  warning  Empty block statement                                                      no-empty
   40:25932  warning  Expected a 'break' statement before 'case'                                 no-fallthrough
   40:30010  warning  Do not access Object.prototype method 'hasOwnProperty' from target object  no-prototype-builtins
   40:30990  warning  't' is defined but never used                                              no-unused-vars
   40:30992  warning  'n' is defined but never used                                              no-unused-vars
   40:31019  warning  't' is defined but never used                                              no-unused-vars
   40:31021  warning  'n' is defined but never used                                              no-unused-vars
   40:34722  warning  Unexpected constant condition                                              no-constant-condition
   40:39250  warning  Unexpected constant condition                                              no-constant-condition
   40:39542  warning  Unexpected constant condition                                              no-constant-condition
   40:42550  warning  Empty block statement                                                      no-empty
   40:52971  warning  Expected a conditional expression and instead saw an assignment            no-cond-assign
   40:54377  warning  'Km' is a function                                                         no-func-assign
   40:54383  warning  'Gm' is a function                                                         no-func-assign
   40:55301  warning  '__REACT_DEVTOOLS_GLOBAL_HOOK__' is not defined                            no-undef
   40:55400  warning  Empty block statement                                                      no-empty
   40:57433  warning  '__REACT_DEVTOOLS_GLOBAL_HOOK__' is not defined                            no-undef
   40:57490  warning  '__REACT_DEVTOOLS_GLOBAL_HOOK__' is not defined                            no-undef
   40:59511  warning  'C' is a function                                                          no-func-assign
   40:65386  warning  Empty block statement                                                      no-empty
   40:65890  warning  Expected a conditional expression and instead saw an assignment            no-cond-assign
   40:67903  warning  Expected a 'break' statement before 'case'                                 no-fallthrough
   40:68139  warning  Expected a 'break' statement before 'case'                                 no-fallthrough
   40:68195  warning  Expected a 'break' statement before 'case'                                 no-fallthrough
   40:68324  warning  Expected a 'break' statement before 'default'                              no-fallthrough
   40:68646  warning  Expected a 'break' statement before 'default'                              no-fallthrough
   40:69432  warning  Expected a 'break' statement before 'case'                                 no-fallthrough
   40:70125  warning  Expected a 'break' statement before 'default'                              no-fallthrough
   40:70151  warning  Expected a conditional expression and instead saw an assignment            no-cond-assign
   40:72219  warning  Expected a 'break' statement before 'case'                                 no-fallthrough
   40:72429  warning  Expected a 'break' statement before 'case'                                 no-fallthrough
   47:3241   warning  Expected a 'break' statement before 'case'                                 no-fallthrough
   47:3278   warning  Expected a 'break' statement before 'case'                                 no-fallthrough
   47:15664  warning  'r' is defined but never used                                              no-unused-vars
   55:6238   warning  'e' is defined but never used                                              no-unused-vars
   55:6240   warning  't' is defined but never used                                              no-unused-vars
   55:6540   warning  'e' is defined but never used                                              no-unused-vars
   55:6542   warning  't' is defined but never used                                              no-unused-vars
   55:6839   warning  'e' is defined but never used                                              no-unused-vars
   55:6841   warning  't' is defined but never used                                              no-unused-vars
   55:6843   warning  'n' is defined but never used                                              no-unused-vars
   55:6845   warning  'r' is defined but never used                                              no-unused-vars
   55:6847   warning  'o' is defined but never used                                              no-unused-vars
   55:6903   warning  'n' is defined but never used                                              no-unused-vars
   55:6911   warning  'r' is assigned a value but never used                                     no-unused-vars
   55:8454   warning  Empty block statement                                                      no-empty
   55:14637  warning  't' is defined but never used                                              no-unused-vars
   55:15880  warning  'n' is defined but never used                                              no-unused-vars
   55:16130  warning  'n' is defined but never used                                              no-unused-vars
   55:16471  warning  'n' is defined but never used                                              no-unused-vars
   55:16578  warning  'n' is defined but never used                                              no-unused-vars
   55:17944  warning  Do not access Object.prototype method 'hasOwnProperty' from target object  no-prototype-builtins
   55:19190  warning  Do not access Object.prototype method 'hasOwnProperty' from target object  no-prototype-builtins
   55:24347  warning  'w0' is a function                                                         no-func-assign
   63:1964   warning  'uc' is a function                                                         no-func-assign
  137:6358   warning  'he' is defined but never used                                             no-unused-vars
  137:27416  warning  Do not access Object.prototype method 'hasOwnProperty' from target object  no-prototype-builtins
  137:89541  warning  'ts' is a function                                                         no-func-assign
  137:94318  warning  'e' is defined but never used                                              no-unused-vars
  137:95883  warning  'g' is assigned a value but never used                                     no-unused-vars
  137:96277  warning  'lt' is assigned a value but never used                                    no-unused-vars
  137:96565  warning  'M' is defined but never used                                              no-unused-vars

✖ 144 problems (0 errors, 144 warnings)

